c:\users\devin\desktop\nosqldb\dbcore\debug\vc141.pdb
c:\users\devin\desktop\nosqldb\dbcore\debug\vc141.idb
c:\users\devin\desktop\nosqldb\dbcore\debug\dbcore.obj
c:\users\devin\desktop\nosqldb\dbcore\debug\dbcore.pdb
c:\users\devin\desktop\nosqldb\dbcore\debug\dbcore.idb
c:\users\devin\desktop\nosqldb\debug\dbcore.lib
c:\users\devin\desktop\nosqldb\dbcore\debug\query.obj
c:\users\devin\desktop\nosqldb\debug\dbcore.pdb
c:\users\devin\desktop\nosqldb\dbcore\debug\dbcore.tlog\cl.command.1.tlog
c:\users\devin\desktop\nosqldb\dbcore\debug\dbcore.tlog\cl.read.1.tlog
c:\users\devin\desktop\nosqldb\dbcore\debug\dbcore.tlog\cl.write.1.tlog
c:\users\devin\desktop\nosqldb\dbcore\debug\dbcore.tlog\lib-link.read.1.tlog
c:\users\devin\desktop\nosqldb\dbcore\debug\dbcore.tlog\lib-link.write.1.tlog
c:\users\devin\desktop\nosqldb\dbcore\debug\dbcore.tlog\lib.command.1.tlog
c:\users\devin\desktop\nosqldb\dbcore\debug\dbcore.tlog\link-cvtres.read.1.tlog
c:\users\devin\desktop\nosqldb\dbcore\debug\dbcore.tlog\link-cvtres.write.1.tlog
c:\users\devin\desktop\nosqldb\dbcore\debug\dbcore.tlog\link-rc.read.1.tlog
c:\users\devin\desktop\nosqldb\dbcore\debug\dbcore.tlog\link-rc.write.1.tlog
c:\users\devin\desktop\nosqldb\dbcore\debug\dbcore.tlog\link.4648-cvtres.read.1.tlog
c:\users\devin\desktop\nosqldb\dbcore\debug\dbcore.tlog\link.4648-cvtres.write.1.tlog
c:\users\devin\desktop\nosqldb\dbcore\debug\dbcore.tlog\link.4648-rc.read.1.tlog
c:\users\devin\desktop\nosqldb\dbcore\debug\dbcore.tlog\link.4648-rc.write.1.tlog
c:\users\devin\desktop\nosqldb\dbcore\debug\dbcore.tlog\link.4648.read.1.tlog
c:\users\devin\desktop\nosqldb\dbcore\debug\dbcore.tlog\link.4648.write.1.tlog
c:\users\devin\desktop\nosqldb\dbcore\debug\dbcore.tlog\link.command.1.tlog
c:\users\devin\desktop\nosqldb\dbcore\debug\dbcore.tlog\link.read.1.tlog
c:\users\devin\desktop\nosqldb\dbcore\debug\dbcore.tlog\link.write.1.tlog
