c:\users\devin\desktop\nosqldb\executive\debug\vc141.pdb
c:\users\devin\desktop\nosqldb\executive\debug\vc141.idb
c:\users\devin\desktop\nosqldb\executive\debug\executive.obj
c:\users\devin\desktop\nosqldb\executive\debug\source.obj
c:\users\devin\desktop\nosqldb\debug\executive.pdb
c:\users\devin\desktop\nosqldb\executive\debug\executive.tlog\cl.command.1.tlog
c:\users\devin\desktop\nosqldb\executive\debug\executive.tlog\cl.read.1.tlog
c:\users\devin\desktop\nosqldb\executive\debug\executive.tlog\cl.write.1.tlog
c:\users\devin\desktop\nosqldb\executive\debug\executive.tlog\link-cvtres.read.1.tlog
c:\users\devin\desktop\nosqldb\executive\debug\executive.tlog\link-cvtres.write.1.tlog
c:\users\devin\desktop\nosqldb\executive\debug\executive.tlog\link-rc.read.1.tlog
c:\users\devin\desktop\nosqldb\executive\debug\executive.tlog\link-rc.write.1.tlog
c:\users\devin\desktop\nosqldb\executive\debug\executive.tlog\link.10588-cvtres.read.1.tlog
c:\users\devin\desktop\nosqldb\executive\debug\executive.tlog\link.10588-cvtres.write.1.tlog
c:\users\devin\desktop\nosqldb\executive\debug\executive.tlog\link.10588-rc.read.1.tlog
c:\users\devin\desktop\nosqldb\executive\debug\executive.tlog\link.10588-rc.write.1.tlog
c:\users\devin\desktop\nosqldb\executive\debug\executive.tlog\link.10588.read.1.tlog
c:\users\devin\desktop\nosqldb\executive\debug\executive.tlog\link.10588.write.1.tlog
c:\users\devin\desktop\nosqldb\executive\debug\executive.tlog\link.command.1.tlog
c:\users\devin\desktop\nosqldb\executive\debug\executive.tlog\link.read.1.tlog
c:\users\devin\desktop\nosqldb\executive\debug\executive.tlog\link.write.1.tlog
