c:\users\devin\desktop\project4\project4demo\codeanalyzer\analyzer\debug\codeanalyzer.pdb
c:\users\devin\desktop\project4\project4demo\codeanalyzer\analyzer\debug\codeanalyzer.idb
c:\users\devin\desktop\project4\project4demo\codeanalyzer\analyzer\debug\abstrsyntree.obj
c:\users\devin\desktop\project4\project4demo\codeanalyzer\analyzer\debug\filemgr.obj
c:\users\devin\desktop\project4\project4demo\codeanalyzer\analyzer\debug\filesystem.obj
c:\users\devin\desktop\project4\project4demo\codeanalyzer\analyzer\debug\grammarhelpers.obj
c:\users\devin\desktop\project4\project4demo\codeanalyzer\analyzer\debug\logger.obj
c:\users\devin\desktop\project4\project4demo\codeanalyzer\analyzer\debug\actionsandrules.obj
c:\users\devin\desktop\project4\project4demo\codeanalyzer\analyzer\debug\configureparser.obj
c:\users\devin\desktop\project4\project4demo\codeanalyzer\analyzer\debug\parser.obj
c:\users\devin\desktop\project4\project4demo\codeanalyzer\analyzer\debug\scopestack.obj
c:\users\devin\desktop\project4\project4demo\codeanalyzer\analyzer\debug\semiexp.obj
c:\users\devin\desktop\project4\project4demo\codeanalyzer\analyzer\debug\tokenizer.obj
c:\users\devin\desktop\project4\project4demo\codeanalyzer\analyzer\debug\utilities.obj
c:\users\devin\desktop\project4\project4demo\codeanalyzer\analyzer\debug\executive.obj
c:\users\devin\desktop\project4\project4demo\debug\codeanalyzer.lib
c:\users\devin\desktop\project4\project4demo\debug\codeanalyzer.pdb
c:\users\devin\desktop\project4\project4demo\codeanalyzer\analyzer\debug\codeanalyzer.tlog\cl.command.1.tlog
c:\users\devin\desktop\project4\project4demo\codeanalyzer\analyzer\debug\codeanalyzer.tlog\cl.read.1.tlog
c:\users\devin\desktop\project4\project4demo\codeanalyzer\analyzer\debug\codeanalyzer.tlog\cl.write.1.tlog
c:\users\devin\desktop\project4\project4demo\codeanalyzer\analyzer\debug\codeanalyzer.tlog\lib-link.read.1.tlog
c:\users\devin\desktop\project4\project4demo\codeanalyzer\analyzer\debug\codeanalyzer.tlog\lib-link.write.1.tlog
c:\users\devin\desktop\project4\project4demo\codeanalyzer\analyzer\debug\codeanalyzer.tlog\lib.command.1.tlog
