c:\users\devin\desktop\repotestbed\checkout\debug\vc141.pdb
c:\users\devin\desktop\repotestbed\checkout\debug\vc141.idb
c:\users\devin\desktop\repotestbed\checkout\debug\checkout.pdb
c:\users\devin\desktop\repotestbed\checkout\debug\checkout.idb
c:\users\devin\desktop\repotestbed\checkout\debug\checkout.obj
c:\users\devin\desktop\devinupreti-project3\project3\checkout\debug\checkout.pdb
c:\users\devin\desktop\devinupreti-project3\project3\checkout\debug\checkout.idb
c:\users\devin\desktop\devinupreti-project3\project3\checkout\debug\checkout.obj
c:\users\devin\desktop\repotestbed\debug\checkout.lib
c:\users\devin\desktop\devinupreti-project3\project3\debug\checkout.lib
c:\users\devin\desktop\project4\project4demo\checkout\debug\checkout.obj
c:\users\devin\desktop\project4\project4demo\checkout\debug\checkout.idb
c:\users\devin\desktop\project4\project4demo\checkout\debug\checkout.pdb
c:\users\devin\desktop\project4\project4demo\checkout\debug\checkout.tlog\cl.command.1.tlog
c:\users\devin\desktop\project4\project4demo\checkout\debug\checkout.tlog\cl.read.1.tlog
c:\users\devin\desktop\project4\project4demo\checkout\debug\checkout.tlog\cl.write.1.tlog
c:\users\devin\desktop\project4\project4demo\checkout\debug\checkout.tlog\lib-link.read.1.tlog
c:\users\devin\desktop\project4\project4demo\checkout\debug\checkout.tlog\lib-link.write.1.tlog
c:\users\devin\desktop\project4\project4demo\checkout\debug\checkout.tlog\lib.command.1.tlog
c:\users\devin\desktop\project4\project4demo\checkout\debug\checkout.tlog\link.command.1.tlog
c:\users\devin\desktop\project4\project4demo\checkout\debug\checkout.tlog\link.read.1.tlog
c:\users\devin\desktop\project4\project4demo\checkout\debug\checkout.tlog\link.write.1.tlog
