c:\users\devin\desktop\repotestbed\dbcore\debug\vc141.pdb
c:\users\devin\desktop\repotestbed\dbcore\debug\vc141.idb
c:\users\devin\desktop\repotestbed\dbcore\debug\dbcore.obj
c:\users\devin\desktop\repotestbed\dbcore\debug\dbcore.pdb
c:\users\devin\desktop\repotestbed\dbcore\debug\dbcore.idb
c:\users\devin\desktop\devinupreti-project3\project3\dbcore\debug\dbcore.pdb
c:\users\devin\desktop\devinupreti-project3\project3\dbcore\debug\dbcore.idb
c:\users\devin\desktop\devinupreti-project3\project3\dbcore\debug\dbcore.obj
c:\users\devin\desktop\repotestbed\debug\dbcore.lib
c:\users\devin\desktop\devinupreti-project3\project3\debug\dbcore.lib
c:\users\devin\desktop\project4\project4demo\dbcore\debug\dbcore.obj
c:\users\devin\desktop\project4\project4demo\dbcore\debug\dbcore.idb
c:\users\devin\desktop\project4\project4demo\dbcore\debug\dbcore.pdb
c:\users\devin\desktop\project4\project4demo\debug\dbcore.pdb
c:\users\devin\desktop\project4\project4demo\debug\dbcore.lib
c:\users\devin\desktop\project4\project4demo\dbcore\debug\dbcore.tlog\cl.command.1.tlog
c:\users\devin\desktop\project4\project4demo\dbcore\debug\dbcore.tlog\cl.read.1.tlog
c:\users\devin\desktop\project4\project4demo\dbcore\debug\dbcore.tlog\cl.write.1.tlog
c:\users\devin\desktop\project4\project4demo\dbcore\debug\dbcore.tlog\lib-link.read.1.tlog
c:\users\devin\desktop\project4\project4demo\dbcore\debug\dbcore.tlog\lib-link.write.1.tlog
c:\users\devin\desktop\project4\project4demo\dbcore\debug\dbcore.tlog\lib.command.1.tlog
c:\users\devin\desktop\project4\project4demo\dbcore\debug\dbcore.tlog\link-cvtres.read.1.tlog
c:\users\devin\desktop\project4\project4demo\dbcore\debug\dbcore.tlog\link-cvtres.write.1.tlog
c:\users\devin\desktop\project4\project4demo\dbcore\debug\dbcore.tlog\link-rc.read.1.tlog
c:\users\devin\desktop\project4\project4demo\dbcore\debug\dbcore.tlog\link-rc.write.1.tlog
c:\users\devin\desktop\project4\project4demo\dbcore\debug\dbcore.tlog\link.command.1.tlog
c:\users\devin\desktop\project4\project4demo\dbcore\debug\dbcore.tlog\link.read.1.tlog
c:\users\devin\desktop\project4\project4demo\dbcore\debug\dbcore.tlog\link.write.1.tlog
